[INFO] Scanning for projects...
[INFO] 
[INFO] -----------------------< com.cuutruyen:backend >------------------------
[INFO] Building cuutruyen-backend 0.0.1-SNAPSHOT
[INFO]   from pom.xml
[INFO] --------------------------------[ jar ]---------------------------------
[INFO] 
[INFO] >>> spring-boot:3.2.4:run (default-cli) > test-compile @ backend >>>
[INFO] 
[INFO] --- resources:3.3.1:resources (default-resources) @ backend ---
[INFO] Copying 1 resource from src/main/resources to target/classes
[INFO] Copying 0 resource from src/main/resources to target/classes
[INFO] 
[INFO] --- compiler:3.11.0:compile (default-compile) @ backend ---
[INFO] Nothing to compile - all classes are up to date
[INFO] 
[INFO] --- resources:3.3.1:testResources (default-testResources) @ backend ---
[INFO] skip non existing resourceDirectory /Users/admin/Library/CloudStorage/OneDrive-Personal/thư mục không có tiêu đề/backend/src/test/resources
[INFO] 
[INFO] --- compiler:3.11.0:testCompile (default-testCompile) @ backend ---
[INFO] No sources to compile
[INFO] 
[INFO] <<< spring-boot:3.2.4:run (default-cli) < test-compile @ backend <<<
[INFO] 
[INFO] 
[INFO] --- spring-boot:3.2.4:run (default-cli) @ backend ---
[INFO] Attaching agents: []

  .   ____          _            __ _ _
 /\\ / ___'_ __ _ _(_)_ __  __ _ \ \ \ \
( ( )\___ | '_ | '_| | '_ \/ _` | \ \ \ \
 \\/  ___)| |_)| | | | | || (_| |  ) ) ) )
  '  |____| .__|_| |_|_| |_\__, | / / / /
 =========|_|==============|___/=/_/_/_/
 :: Spring Boot ::                (v3.2.4)

2026-04-09T23:15:03.922+07:00  INFO 77999 --- [           main] com.cuutruyen.CuuTruyenApplication       : Starting CuuTruyenApplication using Java 25.0.2 with PID 77999 (/Users/admin/Library/CloudStorage/OneDrive-Personal/thư mục không có tiêu đề/backend/target/classes started by admin in /Users/admin/Library/CloudStorage/OneDrive-Personal/thư mục không có tiêu đề/backend)
2026-04-09T23:15:03.923+07:00  INFO 77999 --- [           main] com.cuutruyen.CuuTruyenApplication       : No active profile set, falling back to 1 default profile: "default"
2026-04-09T23:15:04.246+07:00  INFO 77999 --- [           main] .s.d.r.c.RepositoryConfigurationDelegate : Bootstrapping Spring Data JPA repositories in DEFAULT mode.
2026-04-09T23:15:04.284+07:00  INFO 77999 --- [           main] .s.d.r.c.RepositoryConfigurationDelegate : Finished Spring Data repository scanning in 35 ms. Found 14 JPA repository interfaces.
WARNING: A restricted method in java.lang.System has been called
WARNING: java.lang.System::load has been called by org.apache.tomcat.jni.Library in an unnamed module (file:/Users/admin/.m2/repository/org/apache/tomcat/embed/tomcat-embed-core/10.1.19/tomcat-embed-core-10.1.19.jar)
WARNING: Use --enable-native-access=ALL-UNNAMED to avoid a warning for callers in this module
WARNING: Restricted methods will be blocked in a future release unless native access is enabled

2026-04-09T23:15:04.537+07:00  INFO 77999 --- [           main] o.s.b.w.embedded.tomcat.TomcatWebServer  : Tomcat initialized with port 8080 (http)
2026-04-09T23:15:04.542+07:00  INFO 77999 --- [           main] o.apache.catalina.core.StandardService   : Starting service [Tomcat]
2026-04-09T23:15:04.542+07:00  INFO 77999 --- [           main] o.apache.catalina.core.StandardEngine    : Starting Servlet engine: [Apache Tomcat/10.1.19]
2026-04-09T23:15:04.566+07:00  INFO 77999 --- [           main] o.a.c.c.C.[Tomcat].[localhost].[/]       : Initializing Spring embedded WebApplicationContext
2026-04-09T23:15:04.566+07:00  INFO 77999 --- [           main] w.s.c.ServletWebServerApplicationContext : Root WebApplicationContext: initialization completed in 617 ms
2026-04-09T23:15:04.649+07:00  INFO 77999 --- [           main] o.hibernate.jpa.internal.util.LogHelper  : HHH000204: Processing PersistenceUnitInfo [name: default]
2026-04-09T23:15:04.670+07:00  INFO 77999 --- [           main] org.hibernate.Version                    : HHH000412: Hibernate ORM core version 6.4.4.Final
2026-04-09T23:15:04.682+07:00  INFO 77999 --- [           main] o.h.c.internal.RegionFactoryInitiator    : HHH000026: Second-level cache disabled
2026-04-09T23:15:04.781+07:00  INFO 77999 --- [           main] o.s.o.j.p.SpringPersistenceUnitInfo      : No LoadTimeWeaver setup: ignoring JPA class transformer
2026-04-09T23:15:04.792+07:00  INFO 77999 --- [           main] com.zaxxer.hikari.HikariDataSource       : HikariPool-1 - Starting...
2026-04-09T23:15:04.874+07:00  INFO 77999 --- [           main] com.zaxxer.hikari.pool.HikariPool        : HikariPool-1 - Added connection com.mysql.cj.jdbc.ConnectionImpl@2475fba3
2026-04-09T23:15:04.875+07:00  INFO 77999 --- [           main] com.zaxxer.hikari.HikariDataSource       : HikariPool-1 - Start completed.
2026-04-09T23:15:04.900+07:00  WARN 77999 --- [           main] org.hibernate.orm.deprecation            : HHH90000025: MySQLDialect does not need to be specified explicitly using 'hibernate.dialect' (remove the property setting and it will be selected by default)
2026-04-09T23:15:05.433+07:00  INFO 77999 --- [           main] o.h.e.t.j.p.i.JtaPlatformInitiator       : HHH000489: No JTA platform available (set 'hibernate.transaction.jta.platform' to enable JTA platform integration)
2026-04-09T23:15:05.434+07:00  INFO 77999 --- [           main] j.LocalContainerEntityManagerFactoryBean : Initialized JPA EntityManagerFactory for persistence unit 'default'
2026-04-09T23:15:05.672+07:00  WARN 77999 --- [           main] JpaBaseConfiguration$JpaWebConfiguration : spring.jpa.open-in-view is enabled by default. Therefore, database queries may be performed during view rendering. Explicitly configure spring.jpa.open-in-view to disable this warning
2026-04-09T23:15:05.680+07:00  WARN 77999 --- [           main] .s.s.UserDetailsServiceAutoConfiguration : 

Using generated security password: e300053a-4f7f-4fe6-a8f8-842bb0da739c

This generated password is for development use only. Your security configuration must be updated before running your application in production.

2026-04-09T23:15:05.813+07:00  INFO 77999 --- [           main] o.s.s.web.DefaultSecurityFilterChain     : Will secure any request with [org.springframework.security.web.session.DisableEncodeUrlFilter@5b9ca528, org.springframework.security.web.context.request.async.WebAsyncManagerIntegrationFilter@66011fbc, org.springframework.security.web.context.SecurityContextHolderFilter@44d36b56, org.springframework.security.web.header.HeaderWriterFilter@7c045627, org.springframework.web.filter.CorsFilter@77afdbc5, org.springframework.security.web.authentication.logout.LogoutFilter@1b6e32ee, org.springframework.security.web.savedrequest.RequestCacheAwareFilter@b1e63b5, org.springframework.security.web.servletapi.SecurityContextHolderAwareRequestFilter@186537ac, org.springframework.security.web.authentication.AnonymousAuthenticationFilter@757ad227, org.springframework.security.web.session.SessionManagementFilter@7b5e5fa, org.springframework.security.web.access.ExceptionTranslationFilter@7bb4f09d, org.springframework.security.web.access.intercept.AuthorizationFilter@642b2176]
2026-04-09T23:15:06.092+07:00  INFO 77999 --- [           main] o.s.b.w.embedded.tomcat.TomcatWebServer  : Tomcat started on port 8080 (http) with context path ''
2026-04-09T23:15:06.099+07:00  INFO 77999 --- [           main] com.cuutruyen.CuuTruyenApplication       : Started CuuTruyenApplication in 2.333 seconds (process running for 2.52)
2026-04-09T23:15:12.053+07:00  INFO 77999 --- [nio-8080-exec-1] o.a.c.c.C.[Tomcat].[localhost].[/]       : Initializing Spring DispatcherServlet 'dispatcherServlet'
2026-04-09T23:15:12.053+07:00  INFO 77999 --- [nio-8080-exec-1] o.s.web.servlet.DispatcherServlet        : Initializing Servlet 'dispatcherServlet'
2026-04-09T23:15:12.054+07:00  INFO 77999 --- [nio-8080-exec-1] o.s.web.servlet.DispatcherServlet        : Completed initialization in 0 ms
Hibernate: 
    select
        s1_0.series_id,
        s1_0.age_rating,
        s1_0.alternative_title,
        s1_0.average_rating,
        s1_0.cover_url,
        s1_0.created_at,
        s1_0.description,
        s1_0.is_deleted,
        s1_0.series_type,
        s1_0.status,
        s1_0.title,
        s1_0.total_ratings,
        s1_0.total_views,
        s1_0.updated_at 
    from
        Series s1_0 
    order by
        s1_0.created_at desc 
    limit
        ?, ?
Hibernate: 
    select
        s1_0.series_id,
        s1_0.age_rating,
        s1_0.alternative_title,
        s1_0.average_rating,
        s1_0.cover_url,
        s1_0.created_at,
        s1_0.description,
        s1_0.is_deleted,
        s1_0.series_type,
        s1_0.status,
        s1_0.title,
        s1_0.total_ratings,
        s1_0.total_views,
        s1_0.updated_at 
    from
        Series s1_0 
    limit
        ?, ?
Hibernate: 
    select
        u1_0.user_id,
        u1_0.avatar_url,
        u1_0.created_at,
        u1_0.display_name,
        u1_0.email,
        u1_0.password_hash,
        u1_0.role,
        u1_0.status,
        u1_0.updated_at,
        u1_0.username 
    from
        Users u1_0 
    where
        u1_0.username=?
[INFO] ------------------------------------------------------------------------
[INFO] BUILD FAILURE
[INFO] ------------------------------------------------------------------------
[INFO] Total time:  01:00 h
[INFO] Finished at: 2026-04-10T00:15:32+07:00
[INFO] ------------------------------------------------------------------------
[ERROR] Failed to execute goal org.springframework.boot:spring-boot-maven-plugin:3.2.4:run (default-cli) on project backend: Process terminated with exit code: 137 -> [Help 1]
[ERROR] 
[ERROR] To see the full stack trace of the errors, re-run Maven with the -e switch.
[ERROR] Re-run Maven using the -X switch to enable full debug logging.
[ERROR] 
[ERROR] For more information about the errors and possible solutions, please read the following articles:
[ERROR] [Help 1] http://cwiki.apache.org/confluence/display/MAVEN/MojoExecutionException
